<?xml version="1.0" encoding="UTF-8"?>
<!-- Generated by org.testng.reporters.JUnitReportReporter -->
<testsuite hostname="DESKTOP-R61I3BK" failures="0" tests="1" name="rahulshettyacademy.testcases.ErrorValidations" time="10.726" errors="0" timestamp="2024-09-20T11:36:47 PDT" skipped="0">
  <testcase classname="rahulshettyacademy.testcases.ErrorValidations" name="loginErrorValidation" time="10.726"/>
</testsuite> <!-- rahulshettyacademy.testcases.ErrorValidations -->
