<?xml version="1.0" encoding="UTF-8"?>
<!-- Generated by org.testng.reporters.JUnitReportReporter -->
<testsuite hostname="DESKTOP-R61I3BK" failures="0" tests="3" name="rahulshettyacademy.testcases.SubmitOrderTest" time="39.378" errors="0" timestamp="2024-09-27T13:43:28 PDT" skipped="0">
  <testcase classname="rahulshettyacademy.testcases.SubmitOrderTest" name="orderHistoryTest" time="9.034"/>
  <testcase classname="rahulshettyacademy.testcases.SubmitOrderTest" name="submitOrder" time="14.820"/>
  <testcase classname="rahulshettyacademy.testcases.SubmitOrderTest" name="submitOrder" time="15.524"/>
</testsuite> <!-- rahulshettyacademy.testcases.SubmitOrderTest -->
