<?xml version="1.0" encoding="UTF-8"?>
<!-- Generated by org.testng.reporters.JUnitReportReporter -->
<testsuite hostname="DESKTOP-R61I3BK" failures="0" tests="1" name="Cucumber.TestNGTestRunner" time="18.515" errors="0" timestamp="2024-10-03T10:54:12 PDT" skipped="0">
  <testcase classname="Cucumber.TestNGTestRunner" name="runScenario" time="18.515"/>
</testsuite> <!-- Cucumber.TestNGTestRunner -->
